<?xml version="1.0" encoding="UTF-8"?>
<testng-results skipped="0" failed="0" total="1" passed="1">
  <reporter-output>
  </reporter-output>
  <suite name="Ant_Jenkins" duration-ms="5802" started-at="2016-06-26T02:52:29Z" finished-at="2016-06-26T02:52:35Z">
    <groups>
    </groups>
    <test name="Test" duration-ms="5802" started-at="2016-06-26T02:52:29Z" finished-at="2016-06-26T02:52:35Z">
      <class name="MyPackage.SmokeTest">
        <test-method status="PASS" signature="logintest()[pri:0, instance:MyPackage.SmokeTest@1a57a3b]" name="logintest" duration-ms="5792" started-at="2016-06-26T08:22:29Z" finished-at="2016-06-26T08:22:35Z">
          <reporter-output>
          </reporter-output>
        </test-method> <!-- logintest -->
      </class> <!-- MyPackage.SmokeTest -->
    </test> <!-- Test -->
  </suite> <!-- Ant_Jenkins -->
</testng-results>
